<?xml version="1.0" encoding="UTF-8"?>
<testsuite name="JsonDatabaseTest" tests="1" skipped="0" failures="0" errors="0" timestamp="2022-07-12T16:01:12" hostname="CRYSTAL" time="0.532">
  <properties/>
  <testcase name="start" classname="JsonDatabaseTest" time="0.532"/>
  <system-out><![CDATA[?[1;31m
Start test 1?[0m
Client started!
Sent: {"type":"exit"}
Received: {"response":"OK"}
?[1;31m
Start test 2?[0m
?[1;31m
Start test 3?[0m
Server started!
Client started!
Sent: {"type":"set","key":"1","value":"Hello world!"}
Received: {"response":"OK"}
Client started!
Sent: {"type":"set","key":"person","value":{"name":"Elon Musk","car":{"model":"Tesla Roadster","year":"2018"},"rocket":{"name":"Falcon 9","launches":"87"}}}

Received: {"response":"OK"}
Client started!
Sent: {"type":"get","key":["person","name"]}

Received: {"response":"OK","value":"Elon Musk"}
Client started!
Sent: {"type":"set","key":["person","rocket","launches"],"value":"88"}

Received: {"response":"OK"}
Client started!
Sent: {"type":"get","key":["person"]}

Received: {"response":"OK","value":{"name":"Elon Musk","car":{"model":"Tesla Roadster","year":"2018"},"rocket":{"name":"Falcon 9","launches":"88"}}}
Client started!
Sent: {"type":"delete","key":["person","car","year"]}

{"model":"Tesla Roadster","year":"2018"}
Received: {"response":"OK"}
Client started!
Sent: {"type":"get","key":["person"]}

Received: {"response":"OK","value":{"name":"Elon Musk","car":{"model":"Tesla Roadster"},"rocket":{"name":"Falcon 9","launches":"88"}}}
Client started!
Sent: {"type":"exit"}
Received: {"response":"OK"}
]]></system-out>
  <system-err><![CDATA[java.nio.file.NoSuchFileException: JSON Database\task\src\server\data\db.json
	at java.base/sun.nio.fs.WindowsException.translateToIOException(WindowsException.java:85)
	at java.base/sun.nio.fs.WindowsException.rethrowAsIOException(WindowsException.java:103)
	at java.base/sun.nio.fs.WindowsException.rethrowAsIOException(WindowsException.java:108)
	at java.base/sun.nio.fs.WindowsFileSystemProvider.newByteChannel(WindowsFileSystemProvider.java:236)
	at java.base/java.nio.file.Files.newByteChannel(Files.java:380)
	at java.base/java.nio.file.Files.newByteChannel(Files.java:432)
	at java.base/java.nio.file.Files.readAllBytes(Files.java:3288)
	at server.Database.<init>(Database.java:25)
	at server.Main.<clinit>(Main.java:15)
	at java.base/jdk.internal.reflect.NativeMethodAccessorImpl.invoke0(Native Method)
	at java.base/jdk.internal.reflect.NativeMethodAccessorImpl.invoke(NativeMethodAccessorImpl.java:77)
	at java.base/jdk.internal.reflect.DelegatingMethodAccessorImpl.invoke(DelegatingMethodAccessorImpl.java:43)
	at java.base/java.lang.reflect.Method.invoke(Method.java:568)
	at org.hyperskill.hstest.testing.execution.MainMethodExecutor.invokeMain(MainMethodExecutor.java:172)
	at org.hyperskill.hstest.testing.execution.MainMethodExecutor.lambda$launch$0(MainMethodExecutor.java:199)
	at java.base/java.util.concurrent.Executors$RunnableAdapter.call(Executors.java:539)
	at java.base/java.util.concurrent.FutureTask.run(FutureTask.java:264)
	at java.base/java.util.concurrent.ThreadPoolExecutor.runWorker(ThreadPoolExecutor.java:1136)
	at java.base/java.util.concurrent.ThreadPoolExecutor$Worker.run(ThreadPoolExecutor.java:635)
	at java.base/java.lang.Thread.run(Thread.java:833)
java.nio.file.NoSuchFileException: JSON Database\task\src\server\data\db.json
	at java.base/sun.nio.fs.WindowsException.translateToIOException(WindowsException.java:85)
	at java.base/sun.nio.fs.WindowsException.rethrowAsIOException(WindowsException.java:103)
	at java.base/sun.nio.fs.WindowsException.rethrowAsIOException(WindowsException.java:108)
	at java.base/sun.nio.fs.WindowsFileSystemProvider.newByteChannel(WindowsFileSystemProvider.java:236)
	at java.base/java.nio.file.Files.newByteChannel(Files.java:380)
	at java.base/java.nio.file.Files.newByteChannel(Files.java:432)
	at java.base/java.nio.file.Files.readAllBytes(Files.java:3288)
	at server.Database.<init>(Database.java:25)
	at server.Main.<clinit>(Main.java:15)
	at java.base/jdk.internal.reflect.NativeMethodAccessorImpl.invoke0(Native Method)
	at java.base/jdk.internal.reflect.NativeMethodAccessorImpl.invoke(NativeMethodAccessorImpl.java:77)
	at java.base/jdk.internal.reflect.DelegatingMethodAccessorImpl.invoke(DelegatingMethodAccessorImpl.java:43)
	at java.base/java.lang.reflect.Method.invoke(Method.java:568)
	at org.hyperskill.hstest.testing.execution.MainMethodExecutor.invokeMain(MainMethodExecutor.java:172)
	at org.hyperskill.hstest.testing.execution.MainMethodExecutor.lambda$launch$0(MainMethodExecutor.java:199)
	at java.base/java.util.concurrent.Executors$RunnableAdapter.call(Executors.java:539)
	at java.base/java.util.concurrent.FutureTask.run(FutureTask.java:264)
	at java.base/java.util.concurrent.ThreadPoolExecutor.runWorker(ThreadPoolExecutor.java:1136)
	at java.base/java.util.concurrent.ThreadPoolExecutor$Worker.run(ThreadPoolExecutor.java:635)
	at java.base/java.lang.Thread.run(Thread.java:833)
java.io.FileNotFoundException: JSON Database\task\src\server\data\db.json (Het systeem kan het opgegeven pad niet vinden)
	at java.base/java.io.FileOutputStream.open0(Native Method)
	at java.base/java.io.FileOutputStream.open(FileOutputStream.java:293)
	at java.base/java.io.FileOutputStream.<init>(FileOutputStream.java:235)
	at java.base/java.io.FileOutputStream.<init>(FileOutputStream.java:123)
	at java.base/java.io.FileWriter.<init>(FileWriter.java:66)
	at server.Database.writeDatabase(Database.java:133)
	at server.Database.setCell(Database.java:90)
	at server.Session.run(Session.java:42)
	at java.base/java.util.concurrent.Executors$RunnableAdapter.call(Executors.java:539)
	at java.base/java.util.concurrent.FutureTask.run(FutureTask.java:264)
	at java.base/java.util.concurrent.ThreadPoolExecutor.runWorker(ThreadPoolExecutor.java:1136)
	at java.base/java.util.concurrent.ThreadPoolExecutor$Worker.run(ThreadPoolExecutor.java:635)
	at java.base/java.lang.Thread.run(Thread.java:833)
java.io.FileNotFoundException: JSON Database\task\src\server\data\db.json (Het systeem kan het opgegeven pad niet vinden)
	at java.base/java.io.FileOutputStream.open0(Native Method)
	at java.base/java.io.FileOutputStream.open(FileOutputStream.java:293)
	at java.base/java.io.FileOutputStream.<init>(FileOutputStream.java:235)
	at java.base/java.io.FileOutputStream.<init>(FileOutputStream.java:123)
	at java.base/java.io.FileWriter.<init>(FileWriter.java:66)
	at server.Database.writeDatabase(Database.java:133)
	at server.Database.setCell(Database.java:90)
	at server.Session.run(Session.java:42)
	at java.base/java.util.concurrent.Executors$RunnableAdapter.call(Executors.java:539)
	at java.base/java.util.concurrent.FutureTask.run(FutureTask.java:264)
	at java.base/java.util.concurrent.ThreadPoolExecutor.runWorker(ThreadPoolExecutor.java:1136)
	at java.base/java.util.concurrent.ThreadPoolExecutor$Worker.run(ThreadPoolExecutor.java:635)
	at java.base/java.lang.Thread.run(Thread.java:833)
java.io.FileNotFoundException: JSON Database\task\src\server\data\db.json (Het systeem kan het opgegeven pad niet vinden)
	at java.base/java.io.FileOutputStream.open0(Native Method)
	at java.base/java.io.FileOutputStream.open(FileOutputStream.java:293)
	at java.base/java.io.FileOutputStream.<init>(FileOutputStream.java:235)
	at java.base/java.io.FileOutputStream.<init>(FileOutputStream.java:123)
	at java.base/java.io.FileWriter.<init>(FileWriter.java:66)
	at server.Database.writeDatabase(Database.java:133)
	at server.Database.setCell(Database.java:90)
	at server.Session.run(Session.java:42)
	at java.base/java.util.concurrent.Executors$RunnableAdapter.call(Executors.java:539)
	at java.base/java.util.concurrent.FutureTask.run(FutureTask.java:264)
	at java.base/java.util.concurrent.ThreadPoolExecutor.runWorker(ThreadPoolExecutor.java:1136)
	at java.base/java.util.concurrent.ThreadPoolExecutor$Worker.run(ThreadPoolExecutor.java:635)
	at java.base/java.lang.Thread.run(Thread.java:833)
java.io.FileNotFoundException: JSON Database\task\src\server\data\db.json (Het systeem kan het opgegeven pad niet vinden)
	at java.base/java.io.FileOutputStream.open0(Native Method)
	at java.base/java.io.FileOutputStream.open(FileOutputStream.java:293)
	at java.base/java.io.FileOutputStream.<init>(FileOutputStream.java:235)
	at java.base/java.io.FileOutputStream.<init>(FileOutputStream.java:123)
	at java.base/java.io.FileWriter.<init>(FileWriter.java:66)
	at server.Database.writeDatabase(Database.java:133)
	at server.Database.deleteCell(Database.java:118)
	at server.Session.run(Session.java:48)
	at java.base/java.util.concurrent.Executors$RunnableAdapter.call(Executors.java:539)
	at java.base/java.util.concurrent.FutureTask.run(FutureTask.java:264)
	at java.base/java.util.concurrent.ThreadPoolExecutor.runWorker(ThreadPoolExecutor.java:1136)
	at java.base/java.util.concurrent.ThreadPoolExecutor$Worker.run(ThreadPoolExecutor.java:635)
	at java.base/java.lang.Thread.run(Thread.java:833)
]]></system-err>
</testsuite>
